mode: set
github.com/suryansh74/simplebank/db/store.go:24.39,29.2 1 0
github.com/suryansh74/simplebank/db/store.go:31.88,33.16 2 0
github.com/suryansh74/simplebank/db/store.go:33.16,35.3 1 0
github.com/suryansh74/simplebank/db/store.go:37.2,40.16 3 0
github.com/suryansh74/simplebank/db/store.go:40.16,42.46 1 0
github.com/suryansh74/simplebank/db/store.go:42.46,44.4 1 0
github.com/suryansh74/simplebank/db/store.go:45.3,45.13 1 0
github.com/suryansh74/simplebank/db/store.go:47.2,47.23 1 0
github.com/suryansh74/simplebank/db/store.go:67.104,69.55 2 0
github.com/suryansh74/simplebank/db/store.go:69.55,77.17 3 0
github.com/suryansh74/simplebank/db/store.go:77.17,79.4 1 0
github.com/suryansh74/simplebank/db/store.go:81.3,85.17 2 0
github.com/suryansh74/simplebank/db/store.go:85.17,87.4 1 0
github.com/suryansh74/simplebank/db/store.go:89.3,93.17 2 0
github.com/suryansh74/simplebank/db/store.go:93.17,95.4 1 0
github.com/suryansh74/simplebank/db/store.go:98.3,98.42 1 0
github.com/suryansh74/simplebank/db/store.go:98.42,103.18 2 0
github.com/suryansh74/simplebank/db/store.go:103.18,105.5 1 0
github.com/suryansh74/simplebank/db/store.go:107.4,111.18 2 0
github.com/suryansh74/simplebank/db/store.go:111.18,113.5 1 0
github.com/suryansh74/simplebank/db/store.go:114.9,119.18 2 0
github.com/suryansh74/simplebank/db/store.go:119.18,121.5 1 0
github.com/suryansh74/simplebank/db/store.go:123.4,127.18 2 0
github.com/suryansh74/simplebank/db/store.go:127.18,129.5 1 0
github.com/suryansh74/simplebank/db/store.go:132.3,132.13 1 0
github.com/suryansh74/simplebank/db/store.go:134.2,134.20 1 0
github.com/suryansh74/simplebank/db/store.go:144.61,146.16 2 0
github.com/suryansh74/simplebank/db/store.go:146.16,148.3 1 0
github.com/suryansh74/simplebank/db/store.go:150.2,154.16 2 0
github.com/suryansh74/simplebank/db/store.go:154.16,156.3 1 0
github.com/suryansh74/simplebank/db/store.go:158.2,159.16 2 0
github.com/suryansh74/simplebank/db/store.go:159.16,161.3 1 0
github.com/suryansh74/simplebank/db/store.go:163.2,167.16 2 0
github.com/suryansh74/simplebank/db/store.go:167.16,169.3 1 0
github.com/suryansh74/simplebank/db/store.go:171.2,171.32 1 0
