mode: set
github.com/suryansh74/simplebank/api/account.go:18.59,22.16 3 1
github.com/suryansh74/simplebank/api/account.go:22.16,25.3 2 1
github.com/suryansh74/simplebank/api/account.go:27.2,34.16 3 1
github.com/suryansh74/simplebank/api/account.go:34.16,35.45 1 1
github.com/suryansh74/simplebank/api/account.go:35.45,36.22 1 1
github.com/suryansh74/simplebank/api/account.go:37.17,39.11 2 1
github.com/suryansh74/simplebank/api/account.go:40.17,42.11 2 1
github.com/suryansh74/simplebank/api/account.go:45.3,46.9 2 1
github.com/suryansh74/simplebank/api/account.go:49.2,49.43 1 1
github.com/suryansh74/simplebank/api/account.go:56.56,59.16 3 1
github.com/suryansh74/simplebank/api/account.go:59.16,62.3 2 1
github.com/suryansh74/simplebank/api/account.go:64.2,65.16 2 1
github.com/suryansh74/simplebank/api/account.go:65.16,66.27 1 1
github.com/suryansh74/simplebank/api/account.go:66.27,69.4 2 1
github.com/suryansh74/simplebank/api/account.go:70.3,71.9 2 1
github.com/suryansh74/simplebank/api/account.go:74.2,74.38 1 1
github.com/suryansh74/simplebank/api/account.go:82.57,85.16 3 1
github.com/suryansh74/simplebank/api/account.go:85.16,88.3 2 1
github.com/suryansh74/simplebank/api/account.go:90.2,96.16 3 1
github.com/suryansh74/simplebank/api/account.go:96.16,99.3 2 1
github.com/suryansh74/simplebank/api/account.go:101.2,101.39 1 1
github.com/suryansh74/simplebank/api/server.go:21.70,24.16 2 1
github.com/suryansh74/simplebank/api/server.go:24.16,26.3 1 0
github.com/suryansh74/simplebank/api/server.go:27.2,48.20 11 1
github.com/suryansh74/simplebank/api/server.go:51.51,53.2 1 1
github.com/suryansh74/simplebank/api/server.go:55.84,61.12 2 1
github.com/suryansh74/simplebank/api/server.go:61.12,64.3 2 1
github.com/suryansh74/simplebank/api/server.go:66.2,66.29 1 1
github.com/suryansh74/simplebank/api/server.go:69.37,73.2 1 1
github.com/suryansh74/simplebank/api/transfer.go:20.60,24.16 3 1
github.com/suryansh74/simplebank/api/transfer.go:24.16,27.3 2 1
github.com/suryansh74/simplebank/api/transfer.go:30.2,30.68 1 1
github.com/suryansh74/simplebank/api/transfer.go:30.68,32.3 1 1
github.com/suryansh74/simplebank/api/transfer.go:34.2,34.66 1 1
github.com/suryansh74/simplebank/api/transfer.go:34.66,36.3 1 1
github.com/suryansh74/simplebank/api/transfer.go:38.2,45.16 3 1
github.com/suryansh74/simplebank/api/transfer.go:45.16,48.3 2 1
github.com/suryansh74/simplebank/api/transfer.go:50.2,50.44 1 1
github.com/suryansh74/simplebank/api/transfer.go:53.104,56.16 2 1
github.com/suryansh74/simplebank/api/transfer.go:56.16,57.27 1 1
github.com/suryansh74/simplebank/api/transfer.go:57.27,60.4 2 1
github.com/suryansh74/simplebank/api/transfer.go:61.3,62.15 2 1
github.com/suryansh74/simplebank/api/transfer.go:65.2,65.34 1 1
github.com/suryansh74/simplebank/api/transfer.go:65.34,69.3 3 1
github.com/suryansh74/simplebank/api/transfer.go:70.2,70.13 1 1
github.com/suryansh74/simplebank/api/user.go:29.56,33.16 3 1
github.com/suryansh74/simplebank/api/user.go:33.16,36.3 2 1
github.com/suryansh74/simplebank/api/user.go:39.2,40.16 2 1
github.com/suryansh74/simplebank/api/user.go:40.16,43.3 2 0
github.com/suryansh74/simplebank/api/user.go:45.2,53.16 3 1
github.com/suryansh74/simplebank/api/user.go:53.16,54.45 1 1
github.com/suryansh74/simplebank/api/user.go:54.45,55.22 1 1
github.com/suryansh74/simplebank/api/user.go:56.17,58.11 2 1
github.com/suryansh74/simplebank/api/user.go:61.3,62.9 2 1
github.com/suryansh74/simplebank/api/user.go:66.2,74.44 2 1
github.com/suryansh74/simplebank/api/validator.go:8.79,9.65 1 0
github.com/suryansh74/simplebank/api/validator.go:9.65,11.3 1 0
github.com/suryansh74/simplebank/api/validator.go:13.2,13.14 1 0
