mode: set
github.com/suryansh74/simplebank/main.go:13.13,15.16 2 0
github.com/suryansh74/simplebank/main.go:15.16,17.3 1 0
github.com/suryansh74/simplebank/main.go:19.2,20.16 2 0
github.com/suryansh74/simplebank/main.go:20.16,22.3 1 0
github.com/suryansh74/simplebank/main.go:24.2,26.36 3 0
github.com/suryansh74/simplebank/db/mock/store.go:28.55,32.2 3 0
github.com/suryansh74/simplebank/db/mock/store.go:35.53,37.2 1 0
github.com/suryansh74/simplebank/db/mock/store.go:40.116,46.2 5 0
github.com/suryansh74/simplebank/db/mock/store.go:49.87,52.2 2 0
github.com/suryansh74/simplebank/db/mock/store.go:55.108,61.2 5 0
github.com/suryansh74/simplebank/db/mock/store.go:64.83,67.2 2 0
github.com/suryansh74/simplebank/db/mock/store.go:70.102,76.2 5 0
github.com/suryansh74/simplebank/db/mock/store.go:79.81,82.2 2 0
github.com/suryansh74/simplebank/db/mock/store.go:85.111,91.2 5 0
github.com/suryansh74/simplebank/db/mock/store.go:94.84,97.2 2 0
github.com/suryansh74/simplebank/db/mock/store.go:100.99,106.2 5 0
github.com/suryansh74/simplebank/db/mock/store.go:109.80,112.2 2 0
github.com/suryansh74/simplebank/db/mock/store.go:115.72,120.2 4 0
github.com/suryansh74/simplebank/db/mock/store.go:123.82,126.2 2 0
github.com/suryansh74/simplebank/db/mock/store.go:129.85,135.2 5 0
github.com/suryansh74/simplebank/db/mock/store.go:138.79,141.2 2 0
github.com/suryansh74/simplebank/db/mock/store.go:144.94,150.2 5 0
github.com/suryansh74/simplebank/db/mock/store.go:153.88,156.2 2 0
github.com/suryansh74/simplebank/db/mock/store.go:159.81,165.2 5 0
github.com/suryansh74/simplebank/db/mock/store.go:168.77,171.2 2 0
github.com/suryansh74/simplebank/db/mock/store.go:174.87,180.2 5 0
github.com/suryansh74/simplebank/db/mock/store.go:183.80,186.2 2 0
github.com/suryansh74/simplebank/db/mock/store.go:189.86,195.2 5 0
github.com/suryansh74/simplebank/db/mock/store.go:198.82,201.2 2 0
github.com/suryansh74/simplebank/db/mock/store.go:204.108,210.2 5 0
github.com/suryansh74/simplebank/db/mock/store.go:213.82,216.2 2 0
github.com/suryansh74/simplebank/db/mock/store.go:219.102,225.2 5 0
github.com/suryansh74/simplebank/db/mock/store.go:228.80,231.2 2 0
github.com/suryansh74/simplebank/db/mock/store.go:234.111,240.2 5 0
github.com/suryansh74/simplebank/db/mock/store.go:243.83,246.2 2 0
github.com/suryansh74/simplebank/db/mock/store.go:249.107,255.2 5 0
github.com/suryansh74/simplebank/db/mock/store.go:258.80,261.2 2 0
github.com/suryansh74/simplebank/db/mock/store.go:264.108,270.2 5 0
github.com/suryansh74/simplebank/db/mock/store.go:273.83,276.2 2 0
github.com/suryansh74/simplebank/db/sqlc/accounts.sql.go:24.104,35.2 4 0
github.com/suryansh74/simplebank/db/sqlc/accounts.sql.go:52.96,63.2 4 0
github.com/suryansh74/simplebank/db/sqlc/accounts.sql.go:70.70,73.2 2 0
github.com/suryansh74/simplebank/db/sqlc/accounts.sql.go:80.78,91.2 4 0
github.com/suryansh74/simplebank/db/sqlc/accounts.sql.go:99.87,110.2 4 0
github.com/suryansh74/simplebank/db/sqlc/accounts.sql.go:123.96,125.16 2 0
github.com/suryansh74/simplebank/db/sqlc/accounts.sql.go:125.16,127.3 1 0
github.com/suryansh74/simplebank/db/sqlc/accounts.sql.go:128.2,130.18 3 0
github.com/suryansh74/simplebank/db/sqlc/accounts.sql.go:130.18,138.17 2 0
github.com/suryansh74/simplebank/db/sqlc/accounts.sql.go:138.17,140.4 1 0
github.com/suryansh74/simplebank/db/sqlc/accounts.sql.go:141.3,141.27 1 0
github.com/suryansh74/simplebank/db/sqlc/accounts.sql.go:143.2,143.35 1 0
github.com/suryansh74/simplebank/db/sqlc/accounts.sql.go:143.35,145.3 1 0
github.com/suryansh74/simplebank/db/sqlc/accounts.sql.go:146.2,146.19 1 0
github.com/suryansh74/simplebank/db/sqlc/accounts.sql.go:161.96,172.2 4 0
github.com/suryansh74/simplebank/db/sqlc/db.go:20.28,22.2 1 0
github.com/suryansh74/simplebank/db/sqlc/db.go:28.46,32.2 1 0
github.com/suryansh74/simplebank/db/sqlc/entires.sql.go:26.90,36.2 4 0
github.com/suryansh74/simplebank/db/sqlc/entires.sql.go:43.74,53.2 4 0
github.com/suryansh74/simplebank/db/sqlc/entires.sql.go:66.90,68.16 2 0
github.com/suryansh74/simplebank/db/sqlc/entires.sql.go:68.16,70.3 1 0
github.com/suryansh74/simplebank/db/sqlc/entires.sql.go:71.2,73.18 3 0
github.com/suryansh74/simplebank/db/sqlc/entires.sql.go:73.18,80.17 2 0
github.com/suryansh74/simplebank/db/sqlc/entires.sql.go:80.17,82.4 1 0
github.com/suryansh74/simplebank/db/sqlc/entires.sql.go:83.3,83.27 1 0
github.com/suryansh74/simplebank/db/sqlc/entires.sql.go:85.2,85.35 1 0
github.com/suryansh74/simplebank/db/sqlc/entires.sql.go:85.35,87.3 1 0
github.com/suryansh74/simplebank/db/sqlc/entires.sql.go:88.2,88.19 1 0
github.com/suryansh74/simplebank/db/sqlc/models.go:21.48,22.25 1 0
github.com/suryansh74/simplebank/db/sqlc/models.go:23.14,24.19 1 0
github.com/suryansh74/simplebank/db/sqlc/models.go:25.14,26.19 1 0
github.com/suryansh74/simplebank/db/sqlc/models.go:27.10,28.67 1 0
github.com/suryansh74/simplebank/db/sqlc/models.go:30.2,30.12 1 0
github.com/suryansh74/simplebank/db/sqlc/models.go:39.55,40.18 1 0
github.com/suryansh74/simplebank/db/sqlc/models.go:40.18,43.3 2 0
github.com/suryansh74/simplebank/db/sqlc/models.go:44.2,45.32 2 0
github.com/suryansh74/simplebank/db/sqlc/models.go:49.54,50.15 1 0
github.com/suryansh74/simplebank/db/sqlc/models.go:50.15,52.3 1 0
github.com/suryansh74/simplebank/db/sqlc/models.go:53.2,53.33 1 0
github.com/suryansh74/simplebank/db/sqlc/transfers.sql.go:27.99,38.2 4 0
github.com/suryansh74/simplebank/db/sqlc/transfers.sql.go:45.80,56.2 4 0
github.com/suryansh74/simplebank/db/sqlc/transfers.sql.go:69.99,71.16 2 0
github.com/suryansh74/simplebank/db/sqlc/transfers.sql.go:71.16,73.3 1 0
github.com/suryansh74/simplebank/db/sqlc/transfers.sql.go:74.2,76.18 3 0
github.com/suryansh74/simplebank/db/sqlc/transfers.sql.go:76.18,84.17 2 0
github.com/suryansh74/simplebank/db/sqlc/transfers.sql.go:84.17,86.4 1 0
github.com/suryansh74/simplebank/db/sqlc/transfers.sql.go:87.3,87.27 1 0
github.com/suryansh74/simplebank/db/sqlc/transfers.sql.go:89.2,89.35 1 0
github.com/suryansh74/simplebank/db/sqlc/transfers.sql.go:89.35,91.3 1 0
github.com/suryansh74/simplebank/db/sqlc/transfers.sql.go:92.2,92.19 1 0
github.com/suryansh74/simplebank/db/sqlc/users.sql.go:28.87,45.2 4 0
github.com/suryansh74/simplebank/db/sqlc/users.sql.go:52.79,64.2 4 0
github.com/suryansh74/simplebank/db/store.go:24.39,29.2 1 0
github.com/suryansh74/simplebank/db/store.go:31.88,33.16 2 0
github.com/suryansh74/simplebank/db/store.go:33.16,35.3 1 0
github.com/suryansh74/simplebank/db/store.go:37.2,40.16 3 0
github.com/suryansh74/simplebank/db/store.go:40.16,42.46 1 0
github.com/suryansh74/simplebank/db/store.go:42.46,44.4 1 0
github.com/suryansh74/simplebank/db/store.go:45.3,45.13 1 0
github.com/suryansh74/simplebank/db/store.go:47.2,47.23 1 0
github.com/suryansh74/simplebank/db/store.go:67.104,69.55 2 0
github.com/suryansh74/simplebank/db/store.go:69.55,77.17 3 0
github.com/suryansh74/simplebank/db/store.go:77.17,79.4 1 0
github.com/suryansh74/simplebank/db/store.go:81.3,85.17 2 0
github.com/suryansh74/simplebank/db/store.go:85.17,87.4 1 0
github.com/suryansh74/simplebank/db/store.go:89.3,93.17 2 0
github.com/suryansh74/simplebank/db/store.go:93.17,95.4 1 0
github.com/suryansh74/simplebank/db/store.go:98.3,98.42 1 0
github.com/suryansh74/simplebank/db/store.go:98.42,103.18 2 0
github.com/suryansh74/simplebank/db/store.go:103.18,105.5 1 0
github.com/suryansh74/simplebank/db/store.go:107.4,111.18 2 0
github.com/suryansh74/simplebank/db/store.go:111.18,113.5 1 0
github.com/suryansh74/simplebank/db/store.go:114.9,119.18 2 0
github.com/suryansh74/simplebank/db/store.go:119.18,121.5 1 0
github.com/suryansh74/simplebank/db/store.go:123.4,127.18 2 0
github.com/suryansh74/simplebank/db/store.go:127.18,129.5 1 0
github.com/suryansh74/simplebank/db/store.go:132.3,132.13 1 0
github.com/suryansh74/simplebank/db/store.go:134.2,134.20 1 0
github.com/suryansh74/simplebank/db/store.go:144.61,146.16 2 0
github.com/suryansh74/simplebank/db/store.go:146.16,148.3 1 0
github.com/suryansh74/simplebank/db/store.go:150.2,154.16 2 0
github.com/suryansh74/simplebank/db/store.go:154.16,156.3 1 0
github.com/suryansh74/simplebank/db/store.go:158.2,159.16 2 0
github.com/suryansh74/simplebank/db/store.go:159.16,161.3 1 0
github.com/suryansh74/simplebank/db/store.go:163.2,167.16 2 0
github.com/suryansh74/simplebank/db/store.go:167.16,169.3 1 0
github.com/suryansh74/simplebank/db/store.go:171.2,171.32 1 0
github.com/suryansh74/simplebank/utils/config.go:10.57,18.16 6 0
github.com/suryansh74/simplebank/utils/config.go:18.16,20.3 1 0
github.com/suryansh74/simplebank/utils/config.go:22.2,23.20 2 0
github.com/suryansh74/simplebank/utils/currency.go:8.48,9.18 1 0
github.com/suryansh74/simplebank/utils/currency.go:10.16,11.14 1 0
github.com/suryansh74/simplebank/utils/currency.go:13.2,13.14 1 0
github.com/suryansh74/simplebank/utils/password.go:8.54,10.16 2 1
github.com/suryansh74/simplebank/utils/password.go:10.16,12.3 1 0
github.com/suryansh74/simplebank/utils/password.go:13.2,13.36 1 1
github.com/suryansh74/simplebank/utils/password.go:17.66,19.2 1 1
github.com/suryansh74/simplebank/utils/random.go:11.13,13.2 1 1
github.com/suryansh74/simplebank/utils/random.go:16.38,18.2 1 0
github.com/suryansh74/simplebank/utils/random.go:21.33,24.24 3 1
github.com/suryansh74/simplebank/utils/random.go:24.24,26.3 1 1
github.com/suryansh74/simplebank/utils/random.go:27.2,27.23 1 1
github.com/suryansh74/simplebank/utils/random.go:31.27,33.2 1 0
github.com/suryansh74/simplebank/utils/random.go:36.26,38.2 1 0
github.com/suryansh74/simplebank/utils/random.go:41.37,48.2 3 0
github.com/suryansh74/simplebank/utils/random.go:50.27,52.2 1 0
github.com/suryansh74/simplebank/api/account.go:18.59,22.16 3 1
github.com/suryansh74/simplebank/api/account.go:22.16,25.3 2 1
github.com/suryansh74/simplebank/api/account.go:27.2,34.16 3 1
github.com/suryansh74/simplebank/api/account.go:34.16,35.45 1 1
github.com/suryansh74/simplebank/api/account.go:35.45,36.22 1 1
github.com/suryansh74/simplebank/api/account.go:37.17,39.11 2 1
github.com/suryansh74/simplebank/api/account.go:40.17,42.11 2 1
github.com/suryansh74/simplebank/api/account.go:45.3,46.9 2 1
github.com/suryansh74/simplebank/api/account.go:49.2,49.43 1 1
github.com/suryansh74/simplebank/api/account.go:56.56,59.16 3 1
github.com/suryansh74/simplebank/api/account.go:59.16,62.3 2 1
github.com/suryansh74/simplebank/api/account.go:64.2,65.16 2 1
github.com/suryansh74/simplebank/api/account.go:65.16,66.27 1 1
github.com/suryansh74/simplebank/api/account.go:66.27,69.4 2 1
github.com/suryansh74/simplebank/api/account.go:70.3,71.9 2 1
github.com/suryansh74/simplebank/api/account.go:74.2,74.38 1 1
github.com/suryansh74/simplebank/api/account.go:82.57,85.16 3 1
github.com/suryansh74/simplebank/api/account.go:85.16,88.3 2 1
github.com/suryansh74/simplebank/api/account.go:90.2,96.16 3 1
github.com/suryansh74/simplebank/api/account.go:96.16,99.3 2 1
github.com/suryansh74/simplebank/api/account.go:101.2,101.39 1 1
github.com/suryansh74/simplebank/api/server.go:16.40,37.2 11 1
github.com/suryansh74/simplebank/api/server.go:39.51,41.2 1 1
github.com/suryansh74/simplebank/api/server.go:43.84,49.12 2 1
github.com/suryansh74/simplebank/api/server.go:49.12,52.3 2 1
github.com/suryansh74/simplebank/api/server.go:54.2,54.29 1 1
github.com/suryansh74/simplebank/api/server.go:57.37,61.2 1 1
github.com/suryansh74/simplebank/api/transfer.go:20.60,24.16 3 0
github.com/suryansh74/simplebank/api/transfer.go:24.16,27.3 2 0
github.com/suryansh74/simplebank/api/transfer.go:30.2,30.68 1 0
github.com/suryansh74/simplebank/api/transfer.go:30.68,32.3 1 0
github.com/suryansh74/simplebank/api/transfer.go:34.2,34.66 1 0
github.com/suryansh74/simplebank/api/transfer.go:34.66,36.3 1 0
github.com/suryansh74/simplebank/api/transfer.go:38.2,45.16 3 0
github.com/suryansh74/simplebank/api/transfer.go:45.16,48.3 2 0
github.com/suryansh74/simplebank/api/transfer.go:50.2,50.44 1 0
github.com/suryansh74/simplebank/api/transfer.go:53.104,56.16 2 0
github.com/suryansh74/simplebank/api/transfer.go:56.16,57.27 1 0
github.com/suryansh74/simplebank/api/transfer.go:57.27,60.4 2 0
github.com/suryansh74/simplebank/api/transfer.go:61.3,62.15 2 0
github.com/suryansh74/simplebank/api/transfer.go:65.2,65.34 1 0
github.com/suryansh74/simplebank/api/transfer.go:65.34,69.3 3 0
github.com/suryansh74/simplebank/api/transfer.go:70.2,70.13 1 0
github.com/suryansh74/simplebank/api/user.go:29.56,33.16 3 1
github.com/suryansh74/simplebank/api/user.go:33.16,36.3 2 1
github.com/suryansh74/simplebank/api/user.go:39.2,40.16 2 1
github.com/suryansh74/simplebank/api/user.go:40.16,43.3 2 0
github.com/suryansh74/simplebank/api/user.go:45.2,53.16 3 1
github.com/suryansh74/simplebank/api/user.go:53.16,54.45 1 1
github.com/suryansh74/simplebank/api/user.go:54.45,55.22 1 1
github.com/suryansh74/simplebank/api/user.go:56.17,58.11 2 1
github.com/suryansh74/simplebank/api/user.go:61.3,62.9 2 1
github.com/suryansh74/simplebank/api/user.go:66.2,74.44 2 1
github.com/suryansh74/simplebank/api/validator.go:8.79,9.65 1 0
github.com/suryansh74/simplebank/api/validator.go:9.65,11.3 1 0
github.com/suryansh74/simplebank/api/validator.go:13.2,13.14 1 0
